Analysis & Synthesis report for parking
Wed Jan 05 23:40:16 2022
Quartus Prime Version 18.1.0 Build 625 09/12/2018 SJ Lite Edition


---------------------
; Table of Contents ;
---------------------
  1. Legal Notice
  2. Analysis & Synthesis Summary
  3. Analysis & Synthesis Settings
  4. Parallel Compilation
  5. Analysis & Synthesis Source Files Read
  6. Analysis & Synthesis Resource Usage Summary
  7. Analysis & Synthesis Resource Utilization by Entity
  8. Registers Removed During Synthesis
  9. General Register Statistics
 10. Inverted Register Statistics
 11. Multiplexer Restructuring Statistics (Restructuring Performed)
 12. Post-Synthesis Netlist Statistics for Top Partition
 13. Elapsed Time Per Partition
 14. Analysis & Synthesis Messages



----------------
; Legal Notice ;
----------------
Copyright (C) 2018  Intel Corporation. All rights reserved.
Your use of Intel Corporation's design tools, logic functions 
and other software and tools, and its AMPP partner logic 
functions, and any output files from any of the foregoing 
(including device programming or simulation files), and any 
associated documentation or information are expressly subject 
to the terms and conditions of the Intel Program License 
Subscription Agreement, the Intel Quartus Prime License Agreement,
the Intel FPGA IP License Agreement, or other applicable license
agreement, including, without limitation, that your use is for
the sole purpose of programming logic devices manufactured by
Intel and sold by Intel or its authorized distributors.  Please
refer to the applicable agreement for further details.



+----------------------------------------------------------------------------------+
; Analysis & Synthesis Summary                                                     ;
+------------------------------------+---------------------------------------------+
; Analysis & Synthesis Status        ; Successful - Wed Jan 05 23:40:16 2022       ;
; Quartus Prime Version              ; 18.1.0 Build 625 09/12/2018 SJ Lite Edition ;
; Revision Name                      ; parking                                     ;
; Top-level Entity Name              ; parking                                     ;
; Family                             ; MAX 10                                      ;
; Total logic elements               ; 18                                          ;
;     Total combinational functions  ; 17                                          ;
;     Dedicated logic registers      ; 16                                          ;
; Total registers                    ; 16                                          ;
; Total pins                         ; 46                                          ;
; Total virtual pins                 ; 0                                           ;
; Total memory bits                  ; 0                                           ;
; Embedded Multiplier 9-bit elements ; 0                                           ;
; Total PLLs                         ; 0                                           ;
; UFM blocks                         ; 0                                           ;
; ADC blocks                         ; 0                                           ;
+------------------------------------+---------------------------------------------+


+------------------------------------------------------------------------------------------------------------+
; Analysis & Synthesis Settings                                                                              ;
+------------------------------------------------------------------+--------------------+--------------------+
; Option                                                           ; Setting            ; Default Value      ;
+------------------------------------------------------------------+--------------------+--------------------+
; Device                                                           ; 10M50DAF484C7G     ;                    ;
; Top-level entity name                                            ; parking            ; parking            ;
; Family name                                                      ; MAX 10             ; Cyclone V          ;
; Use smart compilation                                            ; Off                ; Off                ;
; Enable parallel Assembler and Timing Analyzer during compilation ; On                 ; On                 ;
; Enable compact report table                                      ; Off                ; Off                ;
; Restructure Multiplexers                                         ; Auto               ; Auto               ;
; Create Debugging Nodes for IP Cores                              ; Off                ; Off                ;
; Preserve fewer node names                                        ; On                 ; On                 ;
; Intel FPGA IP Evaluation Mode                                    ; Enable             ; Enable             ;
; Verilog Version                                                  ; Verilog_2001       ; Verilog_2001       ;
; VHDL Version                                                     ; VHDL_1993          ; VHDL_1993          ;
; State Machine Processing                                         ; Auto               ; Auto               ;
; Safe State Machine                                               ; Off                ; Off                ;
; Extract Verilog State Machines                                   ; On                 ; On                 ;
; Extract VHDL State Machines                                      ; On                 ; On                 ;
; Ignore Verilog initial constructs                                ; Off                ; Off                ;
; Iteration limit for constant Verilog loops                       ; 5000               ; 5000               ;
; Iteration limit for non-constant Verilog loops                   ; 250                ; 250                ;
; Add Pass-Through Logic to Inferred RAMs                          ; On                 ; On                 ;
; Infer RAMs from Raw Logic                                        ; On                 ; On                 ;
; Parallel Synthesis                                               ; On                 ; On                 ;
; DSP Block Balancing                                              ; Auto               ; Auto               ;
; NOT Gate Push-Back                                               ; On                 ; On                 ;
; Power-Up Don't Care                                              ; On                 ; On                 ;
; Remove Redundant Logic Cells                                     ; Off                ; Off                ;
; Remove Duplicate Registers                                       ; On                 ; On                 ;
; Ignore CARRY Buffers                                             ; Off                ; Off                ;
; Ignore CASCADE Buffers                                           ; Off                ; Off                ;
; Ignore GLOBAL Buffers                                            ; Off                ; Off                ;
; Ignore ROW GLOBAL Buffers                                        ; Off                ; Off                ;
; Ignore LCELL Buffers                                             ; Off                ; Off                ;
; Ignore SOFT Buffers                                              ; On                 ; On                 ;
; Limit AHDL Integers to 32 Bits                                   ; Off                ; Off                ;
; Optimization Technique                                           ; Balanced           ; Balanced           ;
; Carry Chain Length                                               ; 70                 ; 70                 ;
; Auto Carry Chains                                                ; On                 ; On                 ;
; Auto Open-Drain Pins                                             ; On                 ; On                 ;
; Perform WYSIWYG Primitive Resynthesis                            ; Off                ; Off                ;
; Auto ROM Replacement                                             ; On                 ; On                 ;
; Auto RAM Replacement                                             ; On                 ; On                 ;
; Auto DSP Block Replacement                                       ; On                 ; On                 ;
; Auto Shift Register Replacement                                  ; Auto               ; Auto               ;
; Allow Shift Register Merging across Hierarchies                  ; Auto               ; Auto               ;
; Auto Clock Enable Replacement                                    ; On                 ; On                 ;
; Strict RAM Replacement                                           ; Off                ; Off                ;
; Allow Synchronous Control Signals                                ; On                 ; On                 ;
; Force Use of Synchronous Clear Signals                           ; Off                ; Off                ;
; Auto RAM Block Balancing                                         ; On                 ; On                 ;
; Auto RAM to Logic Cell Conversion                                ; Off                ; Off                ;
; Auto Resource Sharing                                            ; Off                ; Off                ;
; Allow Any RAM Size For Recognition                               ; Off                ; Off                ;
; Allow Any ROM Size For Recognition                               ; Off                ; Off                ;
; Allow Any Shift Register Size For Recognition                    ; Off                ; Off                ;
; Use LogicLock Constraints during Resource Balancing              ; On                 ; On                 ;
; Ignore translate_off and synthesis_off directives                ; Off                ; Off                ;
; Timing-Driven Synthesis                                          ; On                 ; On                 ;
; Report Parameter Settings                                        ; On                 ; On                 ;
; Report Source Assignments                                        ; On                 ; On                 ;
; Report Connectivity Checks                                       ; On                 ; On                 ;
; Ignore Maximum Fan-Out Assignments                               ; Off                ; Off                ;
; Synchronization Register Chain Length                            ; 2                  ; 2                  ;
; Power Optimization During Synthesis                              ; Normal compilation ; Normal compilation ;
; HDL message level                                                ; Level2             ; Level2             ;
; Suppress Register Optimization Related Messages                  ; Off                ; Off                ;
; Number of Removed Registers Reported in Synthesis Report         ; 5000               ; 5000               ;
; Number of Swept Nodes Reported in Synthesis Report               ; 5000               ; 5000               ;
; Number of Inverted Registers Reported in Synthesis Report        ; 100                ; 100                ;
; Clock MUX Protection                                             ; On                 ; On                 ;
; Auto Gated Clock Conversion                                      ; Off                ; Off                ;
; Block Design Naming                                              ; Auto               ; Auto               ;
; SDC constraint protection                                        ; Off                ; Off                ;
; Synthesis Effort                                                 ; Auto               ; Auto               ;
; Shift Register Replacement - Allow Asynchronous Clear Signal     ; On                 ; On                 ;
; Pre-Mapping Resynthesis Optimization                             ; Off                ; Off                ;
; Analysis & Synthesis Message Level                               ; Medium             ; Medium             ;
; Disable Register Merging Across Hierarchies                      ; Auto               ; Auto               ;
; Resource Aware Inference For Block RAM                           ; On                 ; On                 ;
+------------------------------------------------------------------+--------------------+--------------------+


+------------------------------------------+
; Parallel Compilation                     ;
+----------------------------+-------------+
; Processors                 ; Number      ;
+----------------------------+-------------+
; Number detected on machine ; 12          ;
; Maximum allowed            ; 6           ;
;                            ;             ;
; Average used               ; 1.00        ;
; Maximum used               ; 6           ;
;                            ;             ;
; Usage by Processor         ; % Time Used ;
;     Processor 1            ; 100.0%      ;
;     Processors 2-6         ;   0.0%      ;
+----------------------------+-------------+


+----------------------------------------------------------------------------------------------------------------------------------------------------------------------+
; Analysis & Synthesis Source Files Read                                                                                                                               ;
+----------------------------------+-----------------+-----------------+-------------------------------------------------------------------------------------+---------+
; File Name with User-Entered Path ; Used in Netlist ; File Type       ; File Name with Absolute Path                                                        ; Library ;
+----------------------------------+-----------------+-----------------+-------------------------------------------------------------------------------------+---------+
; ../trial/parking.vhd             ; yes             ; User VHDL File  ; C:/Users/malak/Desktop/Semester 5 Projects/DSD FINAL SUBMISSION/trial/parking.vhd   ;         ;
; ../trial/counter.vhd             ; yes             ; User VHDL File  ; C:/Users/malak/Desktop/Semester 5 Projects/DSD FINAL SUBMISSION/trial/counter.vhd   ;         ;
; ../trial/bcd.vhd                 ; yes             ; User VHDL File  ; C:/Users/malak/Desktop/Semester 5 Projects/DSD FINAL SUBMISSION/trial/bcd.vhd       ;         ;
; ../trial/fulladder.vhd           ; yes             ; User VHDL File  ; C:/Users/malak/Desktop/Semester 5 Projects/DSD FINAL SUBMISSION/trial/fulladder.vhd ;         ;
+----------------------------------+-----------------+-----------------+-------------------------------------------------------------------------------------+---------+


+-----------------------------------------------------------+
; Analysis & Synthesis Resource Usage Summary               ;
+---------------------------------------------+-------------+
; Resource                                    ; Usage       ;
+---------------------------------------------+-------------+
; Estimated Total logic elements              ; 18          ;
;                                             ;             ;
; Total combinational functions               ; 17          ;
; Logic element usage by number of LUT inputs ;             ;
;     -- 4 input functions                    ; 10          ;
;     -- 3 input functions                    ; 4           ;
;     -- <=2 input functions                  ; 3           ;
;                                             ;             ;
; Logic elements by mode                      ;             ;
;     -- normal mode                          ; 17          ;
;     -- arithmetic mode                      ; 0           ;
;                                             ;             ;
; Total registers                             ; 16          ;
;     -- Dedicated logic registers            ; 16          ;
;     -- I/O registers                        ; 0           ;
;                                             ;             ;
; I/O pins                                    ; 46          ;
;                                             ;             ;
; Embedded Multiplier 9-bit elements          ; 0           ;
;                                             ;             ;
; Maximum fan-out node                        ; process_0~0 ;
; Maximum fan-out                             ; 16          ;
; Total fan-out                               ; 175         ;
; Average fan-out                             ; 1.40        ;
+---------------------------------------------+-------------+


+------------------------------------------------------------------------------------------------------------------------------------------------------------------------------------------------------------------------------------+
; Analysis & Synthesis Resource Utilization by Entity                                                                                                                                                                                ;
+----------------------------+---------------------+---------------------------+-------------+------------+--------------+---------+-----------+------+--------------+------------+---------------------+-------------+--------------+
; Compilation Hierarchy Node ; Combinational ALUTs ; Dedicated Logic Registers ; Memory Bits ; UFM Blocks ; DSP Elements ; DSP 9x9 ; DSP 18x18 ; Pins ; Virtual Pins ; ADC blocks ; Full Hierarchy Name ; Entity Name ; Library Name ;
+----------------------------+---------------------+---------------------------+-------------+------------+--------------+---------+-----------+------+--------------+------------+---------------------+-------------+--------------+
; |parking                   ; 17 (17)             ; 16 (16)                   ; 0           ; 0          ; 0            ; 0       ; 0         ; 46   ; 0            ; 0          ; |parking            ; parking     ; work         ;
+----------------------------+---------------------+---------------------------+-------------+------------+--------------+---------+-----------+------+--------------+------------+---------------------+-------------+--------------+
Note: For table entries with two numbers listed, the numbers in parentheses indicate the number of resources of the given type used by the specific entity alone. The numbers listed outside of parentheses indicate the total resources of the given type used by the specific entity and all of its sub-entities in the hierarchy.


+---------------------------------------------------------------------------------+
; Registers Removed During Synthesis                                              ;
+----------------------------------------+----------------------------------------+
; Register name                          ; Reason for Removal                     ;
+----------------------------------------+----------------------------------------+
; Let1[1]~reg0                           ; Merged with Let1[0]~reg0               ;
; Let1[2]~reg0                           ; Merged with Let1[0]~reg0               ;
; Let1[3]~reg0                           ; Merged with Let1[0]~reg0               ;
; Let1[4]~reg0                           ; Merged with Let1[0]~reg0               ;
; Let1[5]~reg0                           ; Merged with Let1[0]~reg0               ;
; Let2[0]~reg0                           ; Merged with Let1[0]~reg0               ;
; Let2[1]~reg0                           ; Merged with Let1[0]~reg0               ;
; Let2[2]~reg0                           ; Merged with Let1[0]~reg0               ;
; Let3[0]~reg0                           ; Merged with Let1[0]~reg0               ;
; Let3[1]~reg0                           ; Merged with Let1[0]~reg0               ;
; Let3[2]~reg0                           ; Merged with Let1[0]~reg0               ;
; Let4[0]~reg0                           ; Merged with Let1[0]~reg0               ;
; Let5[1]~reg0                           ; Merged with Let1[0]~reg0               ;
; Let5[2]~reg0                           ; Merged with Let1[0]~reg0               ;
; Let5[3]~reg0                           ; Merged with Let1[0]~reg0               ;
; Let2[6]~reg0                           ; Merged with Let1[6]~reg0               ;
; Let3[6]~reg0                           ; Merged with Let1[6]~reg0               ;
; Let4[6]~reg0                           ; Merged with Let1[6]~reg0               ;
; Let2[4]~reg0                           ; Merged with Let2[3]~reg0               ;
; Let2[5]~reg0                           ; Merged with Let2[3]~reg0               ;
; Let3[3]~reg0                           ; Merged with Let2[3]~reg0               ;
; Let3[4]~reg0                           ; Merged with Let2[3]~reg0               ;
; Let3[5]~reg0                           ; Merged with Let2[3]~reg0               ;
; Let4[1]~reg0                           ; Merged with Let2[3]~reg0               ;
; Let4[2]~reg0                           ; Merged with Let2[3]~reg0               ;
; Let4[3]~reg0                           ; Merged with Let2[3]~reg0               ;
; Let4[4]~reg0                           ; Merged with Let2[3]~reg0               ;
; Let4[5]~reg0                           ; Merged with Let2[3]~reg0               ;
; Let5[0]~reg0                           ; Merged with Let2[3]~reg0               ;
; Let5[4]~reg0                           ; Merged with Let2[3]~reg0               ;
; Let5[5]~reg0                           ; Merged with Let2[3]~reg0               ;
; Let1[0]~reg0                           ; Stuck at VCC due to stuck port data_in ;
; Total Number of Removed Registers = 32 ;                                        ;
+----------------------------------------+----------------------------------------+


+------------------------------------------------------+
; General Register Statistics                          ;
+----------------------------------------------+-------+
; Statistic                                    ; Value ;
+----------------------------------------------+-------+
; Total registers                              ; 16    ;
; Number of registers using Synchronous Clear  ; 0     ;
; Number of registers using Synchronous Load   ; 0     ;
; Number of registers using Asynchronous Clear ; 0     ;
; Number of registers using Asynchronous Load  ; 0     ;
; Number of registers using Clock Enable       ; 13    ;
; Number of registers using Preset             ; 0     ;
+----------------------------------------------+-------+


+--------------------------------------------------+
; Inverted Register Statistics                     ;
+----------------------------------------+---------+
; Inverted Register                      ; Fan out ;
+----------------------------------------+---------+
; Let1[6]~reg0                           ; 4       ;
; Let2[3]~reg0                           ; 14      ;
; Let5[6]~reg0                           ; 1       ;
; Total number of inverted registers = 3 ;         ;
+----------------------------------------+---------+


+------------------------------------------------------------------------------------------------------------------------------------------+
; Multiplexer Restructuring Statistics (Restructuring Performed)                                                                           ;
+--------------------+-----------+---------------+----------------------+------------------------+------------+----------------------------+
; Multiplexer Inputs ; Bus Width ; Baseline Area ; Area if Restructured ; Saving if Restructured ; Registered ; Example Multiplexer Output ;
+--------------------+-----------+---------------+----------------------+------------------------+------------+----------------------------+
; 4:1                ; 4 bits    ; 8 LEs         ; 8 LEs                ; 0 LEs                  ; Yes        ; |parking|Let1[0]~reg0      ;
+--------------------+-----------+---------------+----------------------+------------------------+------------+----------------------------+


+-----------------------------------------------------+
; Post-Synthesis Netlist Statistics for Top Partition ;
+-----------------------+-----------------------------+
; Type                  ; Count                       ;
+-----------------------+-----------------------------+
; boundary_port         ; 46                          ;
; cycloneiii_ff         ; 16                          ;
;     ENA               ; 13                          ;
;     plain             ; 3                           ;
; cycloneiii_lcell_comb ; 21                          ;
;     normal            ; 21                          ;
;         0 data inputs ; 1                           ;
;         1 data inputs ; 5                           ;
;         2 data inputs ; 1                           ;
;         3 data inputs ; 4                           ;
;         4 data inputs ; 10                          ;
;                       ;                             ;
; Max LUT depth         ; 2.00                        ;
; Average LUT depth     ; 1.03                        ;
+-----------------------+-----------------------------+


+-------------------------------+
; Elapsed Time Per Partition    ;
+----------------+--------------+
; Partition Name ; Elapsed Time ;
+----------------+--------------+
; Top            ; 00:00:00     ;
+----------------+--------------+


+-------------------------------+
; Analysis & Synthesis Messages ;
+-------------------------------+
Info: *******************************************************************
Info: Running Quartus Prime Analysis & Synthesis
    Info: Version 18.1.0 Build 625 09/12/2018 SJ Lite Edition
    Info: Processing started: Wed Jan 05 23:40:07 2022
Info: Command: quartus_map --read_settings_files=on --write_settings_files=off parking -c parking
Warning (18236): Number of processors has not been specified which may cause overloading on shared machines.  Set the global assignment NUM_PARALLEL_PROCESSORS in your QSF to an appropriate value for best performance.
Info (20030): Parallel compilation is enabled and will use 6 of the 6 processors detected
Info (12021): Found 2 design units, including 1 entities, in source file /users/malak/desktop/semester 5 projects/dsd final submission/trial/parking.vhd
    Info (12022): Found design unit 1: parking-behaviour File: C:/Users/malak/Desktop/Semester 5 Projects/DSD FINAL SUBMISSION/trial/parking.vhd Line: 21
    Info (12023): Found entity 1: parking File: C:/Users/malak/Desktop/Semester 5 Projects/DSD FINAL SUBMISSION/trial/parking.vhd Line: 7
Info (12021): Found 3 design units, including 1 entities, in source file /users/malak/desktop/semester 5 projects/dsd final submission/trial/counter.vhd
    Info (12022): Found design unit 1: counter-str File: C:/Users/malak/Desktop/Semester 5 Projects/DSD FINAL SUBMISSION/trial/counter.vhd Line: 14
    Info (12022): Found design unit 2: counter_pack File: C:/Users/malak/Desktop/Semester 5 Projects/DSD FINAL SUBMISSION/trial/counter.vhd Line: 50
    Info (12023): Found entity 1: counter File: C:/Users/malak/Desktop/Semester 5 Projects/DSD FINAL SUBMISSION/trial/counter.vhd Line: 8
Info (12021): Found 3 design units, including 1 entities, in source file /users/malak/desktop/semester 5 projects/dsd final submission/trial/bcd.vhd
    Info (12022): Found design unit 1: bcd-Behavior File: C:/Users/malak/Desktop/Semester 5 Projects/DSD FINAL SUBMISSION/trial/bcd.vhd Line: 12
    Info (12022): Found design unit 2: bcd_pack File: C:/Users/malak/Desktop/Semester 5 Projects/DSD FINAL SUBMISSION/trial/bcd.vhd Line: 33
    Info (12023): Found entity 1: bcd File: C:/Users/malak/Desktop/Semester 5 Projects/DSD FINAL SUBMISSION/trial/bcd.vhd Line: 6
Info (12021): Found 3 design units, including 1 entities, in source file /users/malak/desktop/semester 5 projects/dsd final submission/trial/fulladder.vhd
    Info (12022): Found design unit 1: fulladder-str File: C:/Users/malak/Desktop/Semester 5 Projects/DSD FINAL SUBMISSION/trial/fulladder.vhd Line: 10
    Info (12022): Found design unit 2: FullAdd File: C:/Users/malak/Desktop/Semester 5 Projects/DSD FINAL SUBMISSION/trial/fulladder.vhd Line: 18
    Info (12023): Found entity 1: fulladder File: C:/Users/malak/Desktop/Semester 5 Projects/DSD FINAL SUBMISSION/trial/fulladder.vhd Line: 5
Info (12127): Elaborating entity "parking" for the top level hierarchy
Warning (13024): Output pins are stuck at VCC or GND
    Warning (13410): Pin "Let1[0]" is stuck at VCC File: C:/Users/malak/Desktop/Semester 5 Projects/DSD FINAL SUBMISSION/trial/parking.vhd Line: 68
    Warning (13410): Pin "Let1[1]" is stuck at VCC File: C:/Users/malak/Desktop/Semester 5 Projects/DSD FINAL SUBMISSION/trial/parking.vhd Line: 68
    Warning (13410): Pin "Let1[2]" is stuck at VCC File: C:/Users/malak/Desktop/Semester 5 Projects/DSD FINAL SUBMISSION/trial/parking.vhd Line: 68
    Warning (13410): Pin "Let1[3]" is stuck at VCC File: C:/Users/malak/Desktop/Semester 5 Projects/DSD FINAL SUBMISSION/trial/parking.vhd Line: 68
    Warning (13410): Pin "Let1[4]" is stuck at VCC File: C:/Users/malak/Desktop/Semester 5 Projects/DSD FINAL SUBMISSION/trial/parking.vhd Line: 68
    Warning (13410): Pin "Let1[5]" is stuck at VCC File: C:/Users/malak/Desktop/Semester 5 Projects/DSD FINAL SUBMISSION/trial/parking.vhd Line: 68
    Warning (13410): Pin "Let2[0]" is stuck at VCC File: C:/Users/malak/Desktop/Semester 5 Projects/DSD FINAL SUBMISSION/trial/parking.vhd Line: 68
    Warning (13410): Pin "Let2[1]" is stuck at VCC File: C:/Users/malak/Desktop/Semester 5 Projects/DSD FINAL SUBMISSION/trial/parking.vhd Line: 68
    Warning (13410): Pin "Let2[2]" is stuck at VCC File: C:/Users/malak/Desktop/Semester 5 Projects/DSD FINAL SUBMISSION/trial/parking.vhd Line: 68
    Warning (13410): Pin "Let3[0]" is stuck at VCC File: C:/Users/malak/Desktop/Semester 5 Projects/DSD FINAL SUBMISSION/trial/parking.vhd Line: 68
    Warning (13410): Pin "Let3[1]" is stuck at VCC File: C:/Users/malak/Desktop/Semester 5 Projects/DSD FINAL SUBMISSION/trial/parking.vhd Line: 68
    Warning (13410): Pin "Let3[2]" is stuck at VCC File: C:/Users/malak/Desktop/Semester 5 Projects/DSD FINAL SUBMISSION/trial/parking.vhd Line: 68
    Warning (13410): Pin "Let4[0]" is stuck at VCC File: C:/Users/malak/Desktop/Semester 5 Projects/DSD FINAL SUBMISSION/trial/parking.vhd Line: 68
    Warning (13410): Pin "Let5[1]" is stuck at VCC File: C:/Users/malak/Desktop/Semester 5 Projects/DSD FINAL SUBMISSION/trial/parking.vhd Line: 68
    Warning (13410): Pin "Let5[2]" is stuck at VCC File: C:/Users/malak/Desktop/Semester 5 Projects/DSD FINAL SUBMISSION/trial/parking.vhd Line: 68
    Warning (13410): Pin "Let5[3]" is stuck at VCC File: C:/Users/malak/Desktop/Semester 5 Projects/DSD FINAL SUBMISSION/trial/parking.vhd Line: 68
Info (286030): Timing-Driven Synthesis is running
Info (16010): Generating hard_block partition "hard_block:auto_generated_inst"
    Info (16011): Adding 0 node(s), including 0 DDIO, 0 PLL, 0 transceiver and 0 LCELL
Info (21057): Implemented 65 device resources after synthesis - the final resource count might be different
    Info (21058): Implemented 2 input pins
    Info (21059): Implemented 44 output pins
    Info (21061): Implemented 19 logic cells
Info: Quartus Prime Analysis & Synthesis was successful. 0 errors, 18 warnings
    Info: Peak virtual memory: 4800 megabytes
    Info: Processing ended: Wed Jan 05 23:40:16 2022
    Info: Elapsed time: 00:00:09
    Info: Total CPU time (on all processors): 00:00:20


